Command line:
   dekoder_klawiatura_isim_beh.exe
     -simmode  gui
     -simrunnum  0
     -socket  59129

Fri Apr 16 10:04:26 2021


 Elaboration Time: 0.03125 sec

 Current Memory Usage: 5150.74 Meg

 Total Signals          : 3
 Total Nets             : 23
 Total Signal Drivers   : 5
 Total Blocks           : 2
 Total Primitive Blocks : 2
 Total Processes        : 5
 Total Traceable Variables  : 8
 Total Scalar Nets and Variables : 383
In process dekoder_klawiatura.vhd:50 
 Target Size 8 and source size 9 for array dimension 0 does not match. 


 Total Simulation Time: 0.03125 sec

 Current Memory Usage: 5150.74 Meg

Fri Apr 16 10:04:31 2021

