--------------------------------------------------------------------------------
Release 14.7 Trace  (nt64)
Copyright (c) 1995-2013 Xilinx, Inc.  All rights reserved.

C:\Users\mateu\Documents\soft\ise\14.7\ISE_DS\ISE\bin\nt64\unwrapped\trce.exe
-intstyle ise -v 3 -s 3 -n 3 -fastpaths -xml sumator.twx sumator.ncd -o
sumator.twr sumator.pcf

Design file:              sumator.ncd
Physical constraint file: sumator.pcf
Device,package,speed:     xc6slx4,csg225,C,-3 (PRODUCTION 1.23 2013-10-13)
Report level:             verbose report

Environment Variable      Effect 
--------------------      ------ 
NONE                      No environment variables were set
--------------------------------------------------------------------------------

INFO:Timing:2698 - No timing constraints found, doing default enumeration.
INFO:Timing:3412 - To improve timing, see the Timing Closure User Guide (UG612).
INFO:Timing:2752 - To get complete path coverage, use the unconstrained paths 
   option. All paths that are not constrained will be reported in the 
   unconstrained paths section(s) of the report.
INFO:Timing:3339 - The clock-to-out numbers in this timing report are based on 
   a 50 Ohm transmission line loading model.  For the details of this model, 
   and for more information on accounting for different loading conditions, 
   please see the device datasheet.



Data Sheet report:
-----------------
All values displayed in nanoseconds (ns)

Pad to Pad
---------------+---------------+---------+
Source Pad     |Destination Pad|  Delay  |
---------------+---------------+---------+
a              |c              |    6.470|
a              |s              |    6.399|
b              |c              |    6.540|
b              |s              |    6.469|
v              |c              |    6.656|
v              |s              |    6.585|
---------------+---------------+---------+


Analysis completed Fri Apr 09 10:46:55 2021 
--------------------------------------------------------------------------------

Trace Settings:
-------------------------
Trace Settings 

Peak Memory Usage: 4544 MB



