Running: C:\Users\mateu\Documents\soft\ise\14.7\ISE_DS\ISE\bin\nt64\unwrapped\fuse.exe -intstyle ise -incremental -lib secureip -o C:/Users/mateu/mnozenie_13/mnozenie_13_test_isim_beh.exe -prj C:/Users/mateu/mnozenie_13/mnozenie_13_test_beh.prj work.mnozenie_13_test 
ISim P.20131013 (signature 0x7708f090)
Number of CPUs detected in this system: 8
Turning on mult-threading, number of parallel sub-compilation jobs: 16 
Determining compilation order of HDL files
Parsing VHDL file "C:/Users/mateu/mnozenie_13/mnozenie_13.vhd" into library work
Parsing VHDL file "C:/Users/mateu/mnozenie_13/mnozenie_13_test.vhd" into library work
Starting static elaboration
Completed static elaboration
Compiling package standard
Compiling package std_logic_1164
Compiling package numeric_std
Compiling package std_logic_arith
Compiling package std_logic_unsigned
Compiling architecture behavioral of entity mnozenie_13 [mnozenie_13_default]
Compiling architecture behavior of entity mnozenie_13_test
Time Resolution for simulation is 1ps.
Waiting for 1 sub-compilation(s) to finish...
Compiled 8 VHDL Units
Built simulation executable C:/Users/mateu/mnozenie_13/mnozenie_13_test_isim_beh.exe
Fuse Memory Usage: 37628 KB
Fuse CPU Usage: 593 ms
