Command line:
   bramka_NAND_isim_beh.exe
     -simmode  gui
     -simrunnum  0
     -socket  59607

Fri Apr 09 09:48:59 2021


 Elaboration Time: 0.03125 sec

 Current Memory Usage: 5150.14 Meg

 Total Signals          : 4
 Total Nets             : 4
 Total Signal Drivers   : 1
 Total Blocks           : 2
 Total Primitive Blocks : 2
 Total Processes        : 1
 Total Traceable Variables  : 8
 Total Scalar Nets and Variables : 364
Total Line Count : 1

 Total Simulation Time: 0.09375 sec

 Current Memory Usage: 4678.28 Meg

Fri Apr 09 09:51:47 2021

