Release 14.7 - xst P.20131013 (nt64)
Copyright (c) 1995-2013 Xilinx, Inc.  All rights reserved.
--> Parameter TMPDIR set to xst/projnav.tmp


Total REAL time to Xst completion: 0.00 secs
Total CPU time to Xst completion: 0.13 secs
 
--> Parameter xsthdpdir set to xst


Total REAL time to Xst completion: 0.00 secs
Total CPU time to Xst completion: 0.13 secs
 
--> Reading design: LICZNIK_100.prj

TABLE OF CONTENTS
  1) Synthesis Options Summary
  2) HDL Parsing
  3) HDL Elaboration
  4) HDL Synthesis
       4.1) HDL Synthesis Report
  5) Advanced HDL Synthesis
       5.1) Advanced HDL Synthesis Report
  6) Low Level Synthesis
  7) Partition Report
  8) Design Summary
       8.1) Primitive and Black Box Usage
       8.2) Device utilization summary
       8.3) Partition Resource Summary
       8.4) Timing Report
            8.4.1) Clock Information
            8.4.2) Asynchronous Control Signals Information
            8.4.3) Timing Summary
            8.4.4) Timing Details
            8.4.5) Cross Clock Domains Report


=========================================================================
*                      Synthesis Options Summary                        *
=========================================================================
---- Source Parameters
Input File Name                    : "LICZNIK_100.prj"
Ignore Synthesis Constraint File   : NO

---- Target Parameters
Output File Name                   : "LICZNIK_100"
Output Format                      : NGC
Target Device                      : xc6slx16-3-csg324

---- Source Options
Top Module Name                    : LICZNIK_100
Automatic FSM Extraction           : YES
FSM Encoding Algorithm             : Auto
Safe Implementation                : No
FSM Style                          : LUT
RAM Extraction                     : Yes
RAM Style                          : Auto
ROM Extraction                     : Yes
Shift Register Extraction          : YES
ROM Style                          : Auto
Resource Sharing                   : YES
Asynchronous To Synchronous        : NO
Shift Register Minimum Size        : 2
Use DSP Block                      : Auto
Automatic Register Balancing       : No

---- Target Options
LUT Combining                      : Auto
Reduce Control Sets                : Auto
Add IO Buffers                     : YES
Global Maximum Fanout              : 100000
Add Generic Clock Buffer(BUFG)     : 16
Register Duplication               : YES
Optimize Instantiated Primitives   : NO
Use Clock Enable                   : Auto
Use Synchronous Set                : Auto
Use Synchronous Reset              : Auto
Pack IO Registers into IOBs        : Auto
Equivalent register Removal        : YES

---- General Options
Optimization Goal                  : Speed
Optimization Effort                : 1
Power Reduction                    : NO
Keep Hierarchy                     : No
Netlist Hierarchy                  : As_Optimized
RTL Output                         : Yes
Global Optimization                : AllClockNets
Read Cores                         : YES
Write Timing Constraints           : NO
Cross Clock Analysis               : NO
Hierarchy Separator                : /
Bus Delimiter                      : <>
Case Specifier                     : Maintain
Slice Utilization Ratio            : 100
BRAM Utilization Ratio             : 100
DSP48 Utilization Ratio            : 100
Auto BRAM Packing                  : NO
Slice Utilization Ratio Delta      : 5

=========================================================================


=========================================================================
*                          HDL Parsing                                  *
=========================================================================
Parsing VHDL file "C:\Users\mateu\LicznikBCD\LICZNIK_100.vhd" into library work
Parsing entity <LICZNIK_100>.
Parsing architecture <Behavioral> of entity <licznik_100>.

=========================================================================
*                            HDL Elaboration                            *
=========================================================================

Elaborating entity <LICZNIK_100> (architecture <Behavioral>) from library <work>.

=========================================================================
*                           HDL Synthesis                               *
=========================================================================

Synthesizing Unit <LICZNIK_100>.
    Related source file is "C:\Users\mateu\LicznikBCD\LICZNIK_100.vhd".
    Found 4-bit register for signal <wyjscie2>.
    Found 4-bit register for signal <wyjscie>.
    Found 1-bit register for signal <en_1>.
    Found 1-bit register for signal <en_2>.
    Found 4-bit adder for signal <wyjscie_tym[3]_GND_6_o_add_0_OUT> created at line 60.
    Found 4-bit adder for signal <wyjscie_tym2[3]_GND_6_o_add_5_OUT> created at line 84.
    Summary:
	inferred   2 Adder/Subtractor(s).
	inferred  10 D-type flip-flop(s).
	inferred   2 Multiplexer(s).
Unit <LICZNIK_100> synthesized.

=========================================================================
HDL Synthesis Report

Macro Statistics
# Adders/Subtractors                                   : 2
 4-bit adder                                           : 2
# Registers                                            : 4
 1-bit register                                        : 2
 4-bit register                                        : 2
# Multiplexers                                         : 2
 4-bit 2-to-1 multiplexer                              : 2

=========================================================================

=========================================================================
*                       Advanced HDL Synthesis                          *
=========================================================================


Synthesizing (advanced) Unit <LICZNIK_100>.
The following registers are absorbed into counter <wyjscie_tym>: 1 register on signal <wyjscie_tym>.
The following registers are absorbed into counter <wyjscie_tym2>: 1 register on signal <wyjscie_tym2>.
Unit <LICZNIK_100> synthesized (advanced).

=========================================================================
Advanced HDL Synthesis Report

Macro Statistics
# Counters                                             : 2
 4-bit up counter                                      : 2
# Registers                                            : 2
 Flip-Flops                                            : 2

=========================================================================

=========================================================================
*                         Low Level Synthesis                           *
=========================================================================

Optimizing unit <LICZNIK_100> ...

Mapping all equations...
Building and optimizing final netlist ...
Found area constraint ratio of 100 (+ 5) on block LICZNIK_100, actual ratio is 0.

Final Macro Processing ...

=========================================================================
Final Register Report

Macro Statistics
# Registers                                            : 10
 Flip-Flops                                            : 10

=========================================================================

=========================================================================
*                           Partition Report                            *
=========================================================================

Partition Implementation Status
-------------------------------

  No Partitions were found in this design.

-------------------------------

=========================================================================
*                            Design Summary                             *
=========================================================================

Top Level Output File Name         : LICZNIK_100.ngc

Primitive and Black Box Usage:
------------------------------
# BELS                             : 11
#      INV                         : 2
#      LUT3                        : 3
#      LUT4                        : 4
#      LUT5                        : 1
#      LUT6                        : 1
# FlipFlops/Latches                : 10
#      FD                          : 2
#      FDC                         : 4
#      FDCE                        : 4
# Clock Buffers                    : 1
#      BUFGP                       : 1
# IO Buffers                       : 11
#      IBUF                        : 1
#      OBUF                        : 10

Device utilization summary:
---------------------------

Selected Device : 6slx16csg324-3 


Slice Logic Utilization: 
 Number of Slice Registers:              10  out of  18224     0%  
 Number of Slice LUTs:                   11  out of   9112     0%  
    Number used as Logic:                11  out of   9112     0%  

Slice Logic Distribution: 
 Number of LUT Flip Flop pairs used:     11
   Number with an unused Flip Flop:       1  out of     11     9%  
   Number with an unused LUT:             0  out of     11     0%  
   Number of fully used LUT-FF pairs:    10  out of     11    90%  
   Number of unique control sets:         3

IO Utilization: 
 Number of IOs:                          12
 Number of bonded IOBs:                  12  out of    232     5%  

Specific Feature Utilization:
 Number of BUFG/BUFGCTRLs:                1  out of     16     6%  

---------------------------
Partition Resource Summary:
---------------------------

  No Partitions were found in this design.

---------------------------


=========================================================================
Timing Report

NOTE: THESE TIMING NUMBERS ARE ONLY A SYNTHESIS ESTIMATE.
      FOR ACCURATE TIMING INFORMATION PLEASE REFER TO THE TRACE REPORT
      GENERATED AFTER PLACE-and-ROUTE.

Clock Information:
------------------
-----------------------------------+------------------------+-------+
Clock Signal                       | Clock buffer(FF name)  | Load  |
-----------------------------------+------------------------+-------+
clk                                | BUFGP                  | 10    |
-----------------------------------+------------------------+-------+

Asynchronous Control Signals Information:
----------------------------------------
No asynchronous control signals found in this design

Timing Summary:
---------------
Speed Grade: -3

   Minimum period: 2.482ns (Maximum Frequency: 402.925MHz)
   Minimum input arrival time before clock: 2.748ns
   Maximum output required time after clock: 3.791ns
   Maximum combinational path delay: No path found

Timing Details:
---------------
All values displayed in nanoseconds (ns)

=========================================================================
Timing constraint: Default period analysis for Clock 'clk'
  Clock period: 2.482ns (frequency: 402.925MHz)
  Total number of paths / destination ports: 39 / 14
-------------------------------------------------------------------------
Delay:               2.482ns (Levels of Logic = 2)
  Source:            wyjscie_tym2_2 (FF)
  Destination:       en_2_tym (FF)
  Source Clock:      clk rising
  Destination Clock: clk rising

  Data Path: wyjscie_tym2_2 to en_2_tym
                                Gate     Net
    Cell:in->out      fanout   Delay   Delay  Logical Name (Net Name)
    ----------------------------------------  ------------
     FDCE:C->Q             5   0.447   0.943  wyjscie_tym2_2 (wyjscie_tym2_2)
     LUT3:I0->O            1   0.205   0.580  en_2_tym_rstpot_SW0 (N01)
     LUT5:I4->O            1   0.205   0.000  en_2_tym_rstpot (en_2_tym_rstpot)
     FD:D                      0.102          en_2_tym
    ----------------------------------------
    Total                      2.482ns (0.959ns logic, 1.523ns route)
                                       (38.6% logic, 61.4% route)

=========================================================================
Timing constraint: Default OFFSET IN BEFORE for Clock 'clk'
  Total number of paths / destination ports: 10 / 10
-------------------------------------------------------------------------
Offset:              2.748ns (Levels of Logic = 2)
  Source:            reset (PAD)
  Destination:       en_1_tym (FF)
  Destination Clock: clk rising

  Data Path: reset to en_1_tym
                                Gate     Net
    Cell:in->out      fanout   Delay   Delay  Logical Name (Net Name)
    ----------------------------------------  ------------
     IBUF:I->O            10   1.222   1.221  reset_IBUF (reset_IBUF)
     LUT6:I0->O            1   0.203   0.000  en_1_tym_rstpot (en_1_tym_rstpot)
     FD:D                      0.102          en_1_tym
    ----------------------------------------
    Total                      2.748ns (1.527ns logic, 1.221ns route)
                                       (55.6% logic, 44.4% route)

=========================================================================
Timing constraint: Default OFFSET OUT AFTER for Clock 'clk'
  Total number of paths / destination ports: 10 / 10
-------------------------------------------------------------------------
Offset:              3.791ns (Levels of Logic = 1)
  Source:            en_1_tym (FF)
  Destination:       en_1 (PAD)
  Source Clock:      clk rising

  Data Path: en_1_tym to en_1
                                Gate     Net
    Cell:in->out      fanout   Delay   Delay  Logical Name (Net Name)
    ----------------------------------------  ------------
     FD:C->Q               7   0.447   0.773  en_1_tym (en_1_tym)
     OBUF:I->O                 2.571          en_1_OBUF (en_1)
    ----------------------------------------
    Total                      3.791ns (3.018ns logic, 0.773ns route)
                                       (79.6% logic, 20.4% route)

=========================================================================

Cross Clock Domains Report:
--------------------------

Clock to Setup on destination clock clk
---------------+---------+---------+---------+---------+
               | Src:Rise| Src:Fall| Src:Rise| Src:Fall|
Source Clock   |Dest:Rise|Dest:Rise|Dest:Fall|Dest:Fall|
---------------+---------+---------+---------+---------+
clk            |    2.482|         |         |         |
---------------+---------+---------+---------+---------+

=========================================================================


Total REAL time to Xst completion: 7.00 secs
Total CPU time to Xst completion: 6.93 secs
 
--> 

Total memory usage is 4501792 kilobytes

Number of errors   :    0 (   0 filtered)
Number of warnings :    0 (   0 filtered)
Number of infos    :    0 (   0 filtered)

